<?xml version="1.0" encoding="UTF-8"?>
<!-- Generated by org.testng.reporters.JUnitReportReporter -->
<testsuite hostname="LAPTOP-3BL16AQ1" failures="0" tests="3" name="TestNg.TestNgExample_Enabled" time="1.382" errors="0" timestamp="2022-09-12T08:45:42 IST" skipped="1">
  <testcase classname="TestNg.TestNgExample_Enabled" name="enterUserName" time="1.089"/>
  <system-out/>
  <testcase classname="TestNg.TestNgExample_Enabled" name="enterPassword" time="0.293"/>
  <system-out/>
  <testcase classname="TestNg.TestNgExample_Enabled" name="clickLogin">
    <skipped/>
  </testcase> <!-- clickLogin -->
  <system-out/>
</testsuite> <!-- TestNg.TestNgExample_Enabled -->
