<?xml version="1.0" encoding="UTF-8"?>
<!-- Generated by org.testng.reporters.JUnitReportReporter -->
<testsuite hostname="LAPTOP-3BL16AQ1" failures="0" tests="3" name="TestNg.TestNgExample3" time="2.929" errors="0" timestamp="2022-09-13T08:11:12 IST" skipped="0">
  <testcase classname="TestNg.TestNgExample3" name="enterUserName" time="1.828"/>
  <system-out/>
  <testcase classname="TestNg.TestNgExample3" name="enterPassword" time="0.773"/>
  <system-out/>
  <testcase classname="TestNg.TestNgExample3" name="clickLogin" time="0.328"/>
  <system-out/>
</testsuite> <!-- TestNg.TestNgExample3 -->
