<?xml version="1.0" encoding="UTF-8"?>
<!-- Generated by org.testng.reporters.JUnitReportReporter -->
<testsuite hostname="LAPTOP-3BL16AQ1" failures="0" tests="3" name="TestNg.TestNgExample1" time="1.945" errors="0" timestamp="2022-09-12T08:47:07 IST" skipped="0">
  <testcase classname="TestNg.TestNgExample1" name="enterUserName" time="1.309"/>
  <system-out/>
  <testcase classname="TestNg.TestNgExample1" name="enterPassword" time="0.420"/>
  <system-out/>
  <testcase classname="TestNg.TestNgExample1" name="clickLogin" time="0.216"/>
  <system-out/>
</testsuite> <!-- TestNg.TestNgExample1 -->
