<?xml version="1.0" encoding="UTF-8"?>
<!-- Generated by org.testng.reporters.JUnitReportReporter -->
<testsuite hostname="LAPTOP-3BL16AQ1" failures="0" tests="4" name="TestNg.DataProviderExample" time="2.029" errors="0" timestamp="2022-09-13T08:33:14 IST" skipped="0">
  <testcase classname="TestNg.DataProviderExample" name="enterCredentials" time="0.464"/>
  <system-out/>
  <testcase classname="TestNg.DataProviderExample" name="enterCredentials" time="0.707"/>
  <system-out/>
  <testcase classname="TestNg.DataProviderExample" name="enterCredentials" time="0.390"/>
  <system-out/>
  <testcase classname="TestNg.DataProviderExample" name="enterCredentials" time="0.468"/>
  <system-out/>
</testsuite> <!-- TestNg.DataProviderExample -->
