<?xml version="1.0" encoding="UTF-8"?>
<!-- Generated by org.testng.reporters.JUnitReportReporter -->
<testsuite hostname="LAPTOP-3BL16AQ1" failures="0" tests="3" name="TestNg.TestNgExample_DependsOnMethods" time="7.029" errors="0" timestamp="2022-09-12T08:47:07 IST" skipped="0">
  <testcase classname="TestNg.TestNgExample_DependsOnMethods" name="enterUserName" time="2.206"/>
  <system-out/>
  <testcase classname="TestNg.TestNgExample_DependsOnMethods" name="enterPassword" time="0.274"/>
  <system-out/>
  <testcase classname="TestNg.TestNgExample_DependsOnMethods" name="clickLogin" time="4.549"/>
  <system-out/>
</testsuite> <!-- TestNg.TestNgExample_DependsOnMethods -->
