<?xml version="1.0" encoding="UTF-8"?>
<!-- Generated by org.testng.reporters.JUnitReportReporter -->
<testsuite hostname="LAPTOP-3BL16AQ1" failures="0" tests="2" name="Tests.ForgotYourPasswordTest" time="24.061" errors="0" timestamp="2022-09-15T09:06:45 IST" skipped="0">
  <testcase classname="Tests.ForgotYourPasswordTest" name="clickForgotPassword" time="3.904"/>
  <system-out/>
  <testcase classname="Tests.ForgotYourPasswordTest" name="enterCredentials" time="20.157"/>
  <system-out/>
</testsuite> <!-- Tests.ForgotYourPasswordTest -->
