<?xml version="1.0" encoding="UTF-8"?>
<!-- Generated by org.testng.reporters.JUnitReportReporter -->
<testsuite hostname="LAPTOP-3BL16AQ1" failures="0" tests="1" name="ScreenshotTests.ScreenshotTest" time="0.643" errors="0" timestamp="2022-09-20T08:46:18 IST" skipped="0">
  <testcase classname="ScreenshotTests.ScreenshotTest" name="enterField2" time="0.643"/>
  <system-out/>
</testsuite> <!-- ScreenshotTests.ScreenshotTest -->
