<?xml version="1.0" encoding="UTF-8"?>
<!-- Generated by org.testng.reporters.JUnitReportReporter -->
<testsuite hostname="LAPTOP-3BL16AQ1" failures="0" tests="1" name="Listeners.LoginTest2" time="2.682" errors="0" timestamp="2022-09-21T09:02:42 IST" skipped="0">
  <testcase classname="Listeners.LoginTest2" name="enterCredentials" time="2.682"/>
  <system-out/>
</testsuite> <!-- Listeners.LoginTest2 -->
