<?xml version="1.0" encoding="UTF-8"?>
<!-- Generated by org.testng.reporters.JUnitReportReporter -->
<testsuite hostname="LAPTOP-3BL16AQ1" failures="0" tests="7" name="TestNg.TestNgExample_InvocationCount" time="3.622" errors="0" timestamp="2022-09-12T08:48:43 IST" skipped="0">
  <testcase classname="TestNg.TestNgExample_InvocationCount" name="enterUserName" time="0.255"/>
  <system-out/>
  <testcase classname="TestNg.TestNgExample_InvocationCount" name="enterUserName" time="2.186"/>
  <system-out/>
  <testcase classname="TestNg.TestNgExample_InvocationCount" name="enterUserName" time="0.249"/>
  <system-out/>
  <testcase classname="TestNg.TestNgExample_InvocationCount" name="clickLogin" time="0.209"/>
  <system-out/>
  <testcase classname="TestNg.TestNgExample_InvocationCount" name="enterPassword" time="0.201"/>
  <system-out/>
  <testcase classname="TestNg.TestNgExample_InvocationCount" name="enterUserName" time="0.282"/>
  <system-out/>
  <testcase classname="TestNg.TestNgExample_InvocationCount" name="enterUserName" time="0.240"/>
  <system-out/>
</testsuite> <!-- TestNg.TestNgExample_InvocationCount -->
