<?xml version="1.0" encoding="UTF-8"?>
<!-- Generated by org.testng.reporters.JUnitReportReporter -->
<testsuite hostname="LAPTOP-3BL16AQ1" failures="0" tests="1" name="Tests.LoginTest" time="28.429" errors="0" timestamp="2022-09-15T09:00:08 IST" skipped="0">
  <testcase classname="Tests.LoginTest" name="enterCredentials" time="28.429"/>
  <system-out/>
</testsuite> <!-- Tests.LoginTest -->
