<?xml version="1.0" encoding="UTF-8"?>
<!-- Generated by org.testng.reporters.JUnitReportReporter -->
<testsuite hostname="LAPTOP-3BL16AQ1" failures="0" tests="2" name="ExtentReports.ExtentReportsExample" time="12.577" errors="0" timestamp="2022-09-16T09:03:56 IST" skipped="0">
  <testcase classname="ExtentReports.ExtentReportsExample" name="extentReportsDemo" time="7.067"/>
  <system-out/>
  <testcase classname="ExtentReports.ExtentReportsExample" name="launchOrangeHRM" time="5.510"/>
  <system-out/>
</testsuite> <!-- ExtentReports.ExtentReportsExample -->
