<?xml version="1.0" encoding="UTF-8"?>
<!-- Generated by org.testng.reporters.JUnitReportReporter -->
<testsuite hostname="LAPTOP-3BL16AQ1" failures="0" tests="1" name="ScreenshotTests.Example2" time="2.173" errors="0" timestamp="2022-09-20T08:32:24 IST" skipped="0">
  <testcase classname="ScreenshotTests.Example2" name="enterField2" time="2.173"/>
  <system-out/>
</testsuite> <!-- ScreenshotTests.Example2 -->
