<?xml version="1.0" encoding="UTF-8"?>
<!-- Generated by org.testng.reporters.JUnitReportReporter -->
<testsuite hostname="LAPTOP-3BL16AQ1" failures="0" tests="3" name="DataDrivenTests.XlsExample" time="23.154" errors="0" timestamp="2022-09-22T08:51:33 IST" skipped="0">
  <testcase classname="DataDrivenTests.XlsExample" name="enterUserName" time="8.748"/>
  <system-out/>
  <testcase classname="DataDrivenTests.XlsExample" name="enterPassword" time="13.937"/>
  <system-out/>
  <testcase classname="DataDrivenTests.XlsExample" name="clickLogin" time="0.469"/>
  <system-out/>
</testsuite> <!-- DataDrivenTests.XlsExample -->
