<?xml version="1.0" encoding="UTF-8"?>
<!-- Generated by org.testng.reporters.JUnitReportReporter -->
<testsuite hostname="LAPTOP-3BL16AQ1" failures="0" tests="3" name="Tests.LoginAndLogoutTest" time="28.625" errors="0" timestamp="2022-09-16T08:52:11 IST" skipped="0">
  <testcase classname="Tests.LoginAndLogoutTest" name="enterCredentials" time="8.358"/>
  <system-out/>
  <testcase classname="Tests.LoginAndLogoutTest" name="clickPaul" time="11.489"/>
  <system-out/>
  <testcase classname="Tests.LoginAndLogoutTest" name="clickSignout" time="8.778"/>
  <system-out/>
</testsuite> <!-- Tests.LoginAndLogoutTest -->
