<?xml version="1.0" encoding="UTF-8"?>
<!-- Generated by org.testng.reporters.JUnitReportReporter -->
<testsuite hostname="LAPTOP-3BL16AQ1" failures="0" tests="3" name="DataDrivenTests.XlsxExample" time="12.947" errors="0" timestamp="2022-09-22T08:54:43 IST" skipped="0">
  <testcase classname="DataDrivenTests.XlsxExample" name="enterUserName" time="7.621"/>
  <system-out/>
  <testcase classname="DataDrivenTests.XlsxExample" name="enterPassword" time="5.064"/>
  <system-out/>
  <testcase classname="DataDrivenTests.XlsxExample" name="clickLogin" time="0.262"/>
  <system-out/>
</testsuite> <!-- DataDrivenTests.XlsxExample -->
