<?xml version="1.0" encoding="UTF-8"?>
<!-- Generated by org.testng.reporters.JUnitReportReporter -->
<testsuite hostname="LAPTOP-3BL16AQ1" failures="0" tests="3" name="TestNg.TestNgExample2" time="9.276" errors="0" timestamp="2022-09-13T08:11:12 IST" skipped="0">
  <testcase classname="TestNg.TestNgExample2" name="enterUserName" time="1.557"/>
  <system-out/>
  <testcase classname="TestNg.TestNgExample2" name="enterPassword" time="1.579"/>
  <system-out/>
  <testcase classname="TestNg.TestNgExample2" name="clickLogin" time="6.140"/>
  <system-out/>
</testsuite> <!-- TestNg.TestNgExample2 -->
